[0.469s] DEBUG:colcon:Command line arguments: ['/usr/bin/colcon', 'build', '--packages-select', 'cpp_subscriber']
[0.470s] DEBUG:colcon:Parsed command line arguments: Namespace(log_base=None, log_level=None, verb_name='build', build_base='build', install_base='install', merge_install=False, symlink_install=False, test_result_base=None, continue_on_error=False, executor='parallel', parallel_workers=4, event_handlers=None, ignore_user_meta=False, metas=['./colcon.meta'], base_paths=['.'], packages_ignore=None, packages_ignore_regex=None, paths=None, packages_up_to=None, packages_up_to_regex=None, packages_above=None, packages_above_and_dependencies=None, packages_above_depth=None, packages_select_by_dep=None, packages_skip_by_dep=None, packages_skip_up_to=None, packages_select_build_failed=False, packages_skip_build_finished=False, packages_select_test_failures=False, packages_skip_test_passed=False, packages_select=['cpp_subscriber'], packages_skip=None, packages_select_regex=None, packages_skip_regex=None, packages_start=None, packages_end=None, allow_overriding=[], cmake_args=None, cmake_target=None, cmake_target_skip_unavailable=False, cmake_clean_cache=False, cmake_clean_first=False, cmake_force_configure=False, ament_cmake_args=None, catkin_cmake_args=None, catkin_skip_building_tests=False, mixin_files=None, mixin=None, verb_parser=<colcon_mixin.mixin.mixin_argument.MixinArgumentDecorator object at 0xffffa76b2530>, verb_extension=<colcon_core.verb.build.BuildVerb object at 0xffffa77bab30>, main=<bound method BuildVerb.main of <colcon_core.verb.build.BuildVerb object at 0xffffa77bab30>>, mixin_verb=('build',))
[1.351s] Level 1:colcon.colcon_core.package_discovery:discover_packages(colcon_meta) check parameters
[1.352s] Level 1:colcon.colcon_core.package_discovery:discover_packages(recursive) check parameters
[1.352s] Level 1:colcon.colcon_core.package_discovery:discover_packages(ignore) check parameters
[1.352s] Level 1:colcon.colcon_core.package_discovery:discover_packages(path) check parameters
[1.353s] Level 1:colcon.colcon_core.package_discovery:discover_packages(colcon_meta) discover
[1.353s] Level 1:colcon.colcon_core.package_discovery:discover_packages(recursive) discover
[1.353s] INFO:colcon.colcon_core.package_discovery:Crawling recursively for packages in '/home/jackiepi4/test_ws'
[1.354s] Level 1:colcon.colcon_core.package_identification:_identify(.) by extensions ['ignore', 'ignore_ament_install']
[1.354s] Level 1:colcon.colcon_core.package_identification:_identify(.) by extension 'ignore'
[1.354s] Level 1:colcon.colcon_core.package_identification:_identify(.) by extension 'ignore_ament_install'
[1.355s] Level 1:colcon.colcon_core.package_identification:_identify(.) by extensions ['colcon_pkg']
[1.355s] Level 1:colcon.colcon_core.package_identification:_identify(.) by extension 'colcon_pkg'
[1.355s] Level 1:colcon.colcon_core.package_identification:_identify(.) by extensions ['colcon_meta']
[1.355s] Level 1:colcon.colcon_core.package_identification:_identify(.) by extension 'colcon_meta'
[1.355s] Level 1:colcon.colcon_core.package_identification:_identify(.) by extensions ['ros']
[1.355s] Level 1:colcon.colcon_core.package_identification:_identify(.) by extension 'ros'
[1.399s] Level 1:colcon.colcon_core.package_identification:_identify(.) by extensions ['cmake', 'python']
[1.399s] Level 1:colcon.colcon_core.package_identification:_identify(.) by extension 'cmake'
[1.400s] Level 1:colcon.colcon_core.package_identification:_identify(.) by extension 'python'
[1.400s] Level 1:colcon.colcon_core.package_identification:_identify(.) by extensions ['python_setup_py']
[1.400s] Level 1:colcon.colcon_core.package_identification:_identify(.) by extension 'python_setup_py'
[1.401s] Level 1:colcon.colcon_core.package_identification:_identify(build) by extensions ['ignore', 'ignore_ament_install']
[1.401s] Level 1:colcon.colcon_core.package_identification:_identify(build) by extension 'ignore'
[1.401s] Level 1:colcon.colcon_core.package_identification:_identify(build) ignored
[1.402s] Level 1:colcon.colcon_core.package_identification:_identify(install) by extensions ['ignore', 'ignore_ament_install']
[1.403s] Level 1:colcon.colcon_core.package_identification:_identify(install) by extension 'ignore'
[1.403s] Level 1:colcon.colcon_core.package_identification:_identify(install) ignored
[1.404s] Level 1:colcon.colcon_core.package_identification:_identify(log) by extensions ['ignore', 'ignore_ament_install']
[1.404s] Level 1:colcon.colcon_core.package_identification:_identify(log) by extension 'ignore'
[1.404s] Level 1:colcon.colcon_core.package_identification:_identify(log) ignored
[1.405s] Level 1:colcon.colcon_core.package_identification:_identify(src) by extensions ['ignore', 'ignore_ament_install']
[1.405s] Level 1:colcon.colcon_core.package_identification:_identify(src) by extension 'ignore'
[1.405s] Level 1:colcon.colcon_core.package_identification:_identify(src) by extension 'ignore_ament_install'
[1.406s] Level 1:colcon.colcon_core.package_identification:_identify(src) by extensions ['colcon_pkg']
[1.406s] Level 1:colcon.colcon_core.package_identification:_identify(src) by extension 'colcon_pkg'
[1.406s] Level 1:colcon.colcon_core.package_identification:_identify(src) by extensions ['colcon_meta']
[1.406s] Level 1:colcon.colcon_core.package_identification:_identify(src) by extension 'colcon_meta'
[1.406s] Level 1:colcon.colcon_core.package_identification:_identify(src) by extensions ['ros']
[1.406s] Level 1:colcon.colcon_core.package_identification:_identify(src) by extension 'ros'
[1.407s] Level 1:colcon.colcon_core.package_identification:_identify(src) by extensions ['cmake', 'python']
[1.407s] Level 1:colcon.colcon_core.package_identification:_identify(src) by extension 'cmake'
[1.407s] Level 1:colcon.colcon_core.package_identification:_identify(src) by extension 'python'
[1.407s] Level 1:colcon.colcon_core.package_identification:_identify(src) by extensions ['python_setup_py']
[1.407s] Level 1:colcon.colcon_core.package_identification:_identify(src) by extension 'python_setup_py'
[1.408s] Level 1:colcon.colcon_core.package_identification:_identify(src/cpp_subscriber) by extensions ['ignore', 'ignore_ament_install']
[1.408s] Level 1:colcon.colcon_core.package_identification:_identify(src/cpp_subscriber) by extension 'ignore'
[1.409s] Level 1:colcon.colcon_core.package_identification:_identify(src/cpp_subscriber) by extension 'ignore_ament_install'
[1.409s] Level 1:colcon.colcon_core.package_identification:_identify(src/cpp_subscriber) by extensions ['colcon_pkg']
[1.409s] Level 1:colcon.colcon_core.package_identification:_identify(src/cpp_subscriber) by extension 'colcon_pkg'
[1.409s] Level 1:colcon.colcon_core.package_identification:_identify(src/cpp_subscriber) by extensions ['colcon_meta']
[1.409s] Level 1:colcon.colcon_core.package_identification:_identify(src/cpp_subscriber) by extension 'colcon_meta'
[1.410s] Level 1:colcon.colcon_core.package_identification:_identify(src/cpp_subscriber) by extensions ['ros']
[1.410s] Level 1:colcon.colcon_core.package_identification:_identify(src/cpp_subscriber) by extension 'ros'
[1.418s] DEBUG:colcon.colcon_core.package_identification:Package 'src/cpp_subscriber' with type 'ros.ament_cmake' and name 'cpp_subscriber'
[1.418s] Level 1:colcon.colcon_core.package_discovery:discover_packages(recursive) using defaults
[1.419s] Level 1:colcon.colcon_core.package_discovery:discover_packages(ignore) discover
[1.419s] Level 1:colcon.colcon_core.package_discovery:discover_packages(ignore) using defaults
[1.419s] Level 1:colcon.colcon_core.package_discovery:discover_packages(path) discover
[1.419s] Level 1:colcon.colcon_core.package_discovery:discover_packages(path) using defaults
[1.535s] Level 1:colcon.colcon_core.package_discovery:discover_packages(prefix_path) check parameters
[1.536s] Level 1:colcon.colcon_core.package_discovery:discover_packages(prefix_path) discover
[1.543s] DEBUG:colcon.colcon_installed_package_information.package_discovery:Found 1 installed packages in /home/jackiepi4/test_ws/install
[1.553s] DEBUG:colcon.colcon_installed_package_information.package_discovery:Found 288 installed packages in /opt/ros/humble
[1.560s] Level 1:colcon.colcon_core.package_discovery:discover_packages(prefix_path) using defaults
[1.736s] Level 5:colcon.colcon_core.verb:set package 'cpp_subscriber' build argument 'cmake_args' from command line to 'None'
[1.736s] Level 5:colcon.colcon_core.verb:set package 'cpp_subscriber' build argument 'cmake_target' from command line to 'None'
[1.737s] Level 5:colcon.colcon_core.verb:set package 'cpp_subscriber' build argument 'cmake_target_skip_unavailable' from command line to 'False'
[1.737s] Level 5:colcon.colcon_core.verb:set package 'cpp_subscriber' build argument 'cmake_clean_cache' from command line to 'False'
[1.737s] Level 5:colcon.colcon_core.verb:set package 'cpp_subscriber' build argument 'cmake_clean_first' from command line to 'False'
[1.737s] Level 5:colcon.colcon_core.verb:set package 'cpp_subscriber' build argument 'cmake_force_configure' from command line to 'False'
[1.737s] Level 5:colcon.colcon_core.verb:set package 'cpp_subscriber' build argument 'ament_cmake_args' from command line to 'None'
[1.737s] Level 5:colcon.colcon_core.verb:set package 'cpp_subscriber' build argument 'catkin_cmake_args' from command line to 'None'
[1.737s] Level 5:colcon.colcon_core.verb:set package 'cpp_subscriber' build argument 'catkin_skip_building_tests' from command line to 'False'
[1.737s] DEBUG:colcon.colcon_core.verb:Building package 'cpp_subscriber' with the following arguments: {'ament_cmake_args': None, 'build_base': '/home/jackiepi4/test_ws/build/cpp_subscriber', 'catkin_cmake_args': None, 'catkin_skip_building_tests': False, 'cmake_args': None, 'cmake_clean_cache': False, 'cmake_clean_first': False, 'cmake_force_configure': False, 'cmake_target': None, 'cmake_target_skip_unavailable': False, 'install_base': '/home/jackiepi4/test_ws/install/cpp_subscriber', 'merge_install': False, 'path': '/home/jackiepi4/test_ws/src/cpp_subscriber', 'symlink_install': False, 'test_result_base': None}
[1.738s] INFO:colcon.colcon_core.executor:Executing jobs using 'parallel' executor
[1.742s] DEBUG:colcon.colcon_parallel_executor.executor.parallel:run_until_complete
[1.743s] INFO:colcon.colcon_ros.task.ament_cmake.build:Building ROS package in '/home/jackiepi4/test_ws/src/cpp_subscriber' with build type 'ament_cmake'
[1.744s] INFO:colcon.colcon_cmake.task.cmake.build:Building CMake package in '/home/jackiepi4/test_ws/src/cpp_subscriber'
[1.753s] INFO:colcon.colcon_core.plugin_system:Skipping extension 'colcon_core.shell.bat': Not used on non-Windows systems
[1.754s] INFO:colcon.colcon_core.shell:Skip shell extension 'powershell' for command environment: Not usable outside of PowerShell
[1.754s] DEBUG:colcon.colcon_core.shell:Skip shell extension 'dsv' for command environment
[1.803s] DEBUG:colcon.colcon_core.event_handler.log_command:Invoking command in '/home/jackiepi4/test_ws/build/cpp_subscriber': CMAKE_PREFIX_PATH=${CMAKE_PREFIX_PATH}:/opt/ros/humble /usr/bin/cmake --build /home/jackiepi4/test_ws/build/cpp_subscriber -- -j4 -l4
[2.117s] DEBUG:colcon.colcon_core.event_handler.log_command:Invoked command in '/home/jackiepi4/test_ws/build/cpp_subscriber' returned '0': CMAKE_PREFIX_PATH=${CMAKE_PREFIX_PATH}:/opt/ros/humble /usr/bin/cmake --build /home/jackiepi4/test_ws/build/cpp_subscriber -- -j4 -l4
[2.308s] DEBUG:colcon.colcon_core.event_handler.log_command:Invoking command in '/home/jackiepi4/test_ws/build/cpp_subscriber': CMAKE_PREFIX_PATH=${CMAKE_PREFIX_PATH}:/opt/ros/humble /usr/bin/cmake --install /home/jackiepi4/test_ws/build/cpp_subscriber
[2.352s] Level 1:colcon.colcon_core.environment:create_environment_scripts_only(cpp_subscriber)
[2.354s] DEBUG:colcon.colcon_core.event_handler.log_command:Invoked command in '/home/jackiepi4/test_ws/build/cpp_subscriber' returned '0': CMAKE_PREFIX_PATH=${CMAKE_PREFIX_PATH}:/opt/ros/humble /usr/bin/cmake --install /home/jackiepi4/test_ws/build/cpp_subscriber
[2.367s] Level 1:colcon.colcon_core.environment:checking '/home/jackiepi4/test_ws/install/cpp_subscriber' for CMake module files
[2.370s] Level 1:colcon.colcon_core.environment:checking '/home/jackiepi4/test_ws/install/cpp_subscriber' for CMake config files
[2.371s] Level 1:colcon.colcon_core.shell:create_environment_hook('cpp_subscriber', 'cmake_prefix_path')
[2.372s] INFO:colcon.colcon_core.shell:Creating environment hook '/home/jackiepi4/test_ws/install/cpp_subscriber/share/cpp_subscriber/hook/cmake_prefix_path.ps1'
[2.375s] INFO:colcon.colcon_core.shell:Creating environment descriptor '/home/jackiepi4/test_ws/install/cpp_subscriber/share/cpp_subscriber/hook/cmake_prefix_path.dsv'
[2.377s] INFO:colcon.colcon_core.shell:Creating environment hook '/home/jackiepi4/test_ws/install/cpp_subscriber/share/cpp_subscriber/hook/cmake_prefix_path.sh'
[2.381s] Level 1:colcon.colcon_core.environment:checking '/home/jackiepi4/test_ws/install/cpp_subscriber/lib'
[2.382s] Level 1:colcon.colcon_core.environment:checking '/home/jackiepi4/test_ws/install/cpp_subscriber/bin'
[2.382s] Level 1:colcon.colcon_core.environment:checking '/home/jackiepi4/test_ws/install/cpp_subscriber/lib/pkgconfig/cpp_subscriber.pc'
[2.383s] Level 1:colcon.colcon_core.environment:checking '/home/jackiepi4/test_ws/install/cpp_subscriber/lib/python3.10/site-packages'
[2.384s] Level 1:colcon.colcon_core.environment:checking '/home/jackiepi4/test_ws/install/cpp_subscriber/bin'
[2.386s] INFO:colcon.colcon_core.shell:Creating package script '/home/jackiepi4/test_ws/install/cpp_subscriber/share/cpp_subscriber/package.ps1'
[2.389s] INFO:colcon.colcon_core.shell:Creating package descriptor '/home/jackiepi4/test_ws/install/cpp_subscriber/share/cpp_subscriber/package.dsv'
[2.392s] INFO:colcon.colcon_core.shell:Creating package script '/home/jackiepi4/test_ws/install/cpp_subscriber/share/cpp_subscriber/package.sh'
[2.395s] INFO:colcon.colcon_core.shell:Creating package script '/home/jackiepi4/test_ws/install/cpp_subscriber/share/cpp_subscriber/package.bash'
[2.398s] INFO:colcon.colcon_core.shell:Creating package script '/home/jackiepi4/test_ws/install/cpp_subscriber/share/cpp_subscriber/package.zsh'
[2.402s] Level 1:colcon.colcon_core.environment:create_file_with_runtime_dependencies(/home/jackiepi4/test_ws/install/cpp_subscriber/share/colcon-core/packages/cpp_subscriber)
[2.531s] Level 1:colcon.colcon_core.environment:create_environment_scripts_only(cpp_subscriber)
[2.532s] Level 1:colcon.colcon_core.environment:checking '/home/jackiepi4/test_ws/install/cpp_subscriber' for CMake module files
[2.535s] Level 1:colcon.colcon_core.environment:checking '/home/jackiepi4/test_ws/install/cpp_subscriber' for CMake config files
[2.537s] Level 1:colcon.colcon_core.shell:create_environment_hook('cpp_subscriber', 'cmake_prefix_path')
[2.538s] INFO:colcon.colcon_core.shell:Creating environment hook '/home/jackiepi4/test_ws/install/cpp_subscriber/share/cpp_subscriber/hook/cmake_prefix_path.ps1'
[2.540s] INFO:colcon.colcon_core.shell:Creating environment descriptor '/home/jackiepi4/test_ws/install/cpp_subscriber/share/cpp_subscriber/hook/cmake_prefix_path.dsv'
[2.542s] INFO:colcon.colcon_core.shell:Creating environment hook '/home/jackiepi4/test_ws/install/cpp_subscriber/share/cpp_subscriber/hook/cmake_prefix_path.sh'
[2.546s] Level 1:colcon.colcon_core.environment:checking '/home/jackiepi4/test_ws/install/cpp_subscriber/lib'
[2.546s] Level 1:colcon.colcon_core.environment:checking '/home/jackiepi4/test_ws/install/cpp_subscriber/bin'
[2.547s] Level 1:colcon.colcon_core.environment:checking '/home/jackiepi4/test_ws/install/cpp_subscriber/lib/pkgconfig/cpp_subscriber.pc'
[2.548s] Level 1:colcon.colcon_core.environment:checking '/home/jackiepi4/test_ws/install/cpp_subscriber/lib/python3.10/site-packages'
[2.549s] Level 1:colcon.colcon_core.environment:checking '/home/jackiepi4/test_ws/install/cpp_subscriber/bin'
[2.550s] INFO:colcon.colcon_core.shell:Creating package script '/home/jackiepi4/test_ws/install/cpp_subscriber/share/cpp_subscriber/package.ps1'
[2.553s] INFO:colcon.colcon_core.shell:Creating package descriptor '/home/jackiepi4/test_ws/install/cpp_subscriber/share/cpp_subscriber/package.dsv'
[2.555s] INFO:colcon.colcon_core.shell:Creating package script '/home/jackiepi4/test_ws/install/cpp_subscriber/share/cpp_subscriber/package.sh'
[2.557s] INFO:colcon.colcon_core.shell:Creating package script '/home/jackiepi4/test_ws/install/cpp_subscriber/share/cpp_subscriber/package.bash'
[2.560s] INFO:colcon.colcon_core.shell:Creating package script '/home/jackiepi4/test_ws/install/cpp_subscriber/share/cpp_subscriber/package.zsh'
[2.562s] Level 1:colcon.colcon_core.environment:create_file_with_runtime_dependencies(/home/jackiepi4/test_ws/install/cpp_subscriber/share/colcon-core/packages/cpp_subscriber)
[2.563s] DEBUG:colcon.colcon_parallel_executor.executor.parallel:closing loop
[2.565s] DEBUG:colcon.colcon_parallel_executor.executor.parallel:loop closed
[2.565s] DEBUG:colcon.colcon_parallel_executor.executor.parallel:run_until_complete finished with '0'
[2.566s] DEBUG:colcon.colcon_core.event_reactor:joining thread
[2.590s] INFO:colcon.colcon_core.plugin_system:Skipping extension 'colcon_notification.desktop_notification.terminal_notifier': Not used on non-Darwin systems
[2.591s] INFO:colcon.colcon_core.plugin_system:Skipping extension 'colcon_notification.desktop_notification.win32': Not used on non-Windows systems
[2.591s] INFO:colcon.colcon_notification.desktop_notification:Sending desktop notification using 'notify2'
[2.633s] DEBUG:colcon.colcon_core.event_reactor:joined thread
[2.635s] INFO:colcon.colcon_core.shell:Creating prefix script '/home/jackiepi4/test_ws/install/local_setup.ps1'
[2.639s] INFO:colcon.colcon_core.shell:Creating prefix util module '/home/jackiepi4/test_ws/install/_local_setup_util_ps1.py'
[2.644s] INFO:colcon.colcon_core.shell:Creating prefix chain script '/home/jackiepi4/test_ws/install/setup.ps1'
[2.649s] INFO:colcon.colcon_core.shell:Creating prefix script '/home/jackiepi4/test_ws/install/local_setup.sh'
[2.651s] INFO:colcon.colcon_core.shell:Creating prefix util module '/home/jackiepi4/test_ws/install/_local_setup_util_sh.py'
[2.654s] INFO:colcon.colcon_core.shell:Creating prefix chain script '/home/jackiepi4/test_ws/install/setup.sh'
[2.659s] INFO:colcon.colcon_core.shell:Creating prefix script '/home/jackiepi4/test_ws/install/local_setup.bash'
[2.661s] INFO:colcon.colcon_core.shell:Creating prefix chain script '/home/jackiepi4/test_ws/install/setup.bash'
[2.666s] INFO:colcon.colcon_core.shell:Creating prefix script '/home/jackiepi4/test_ws/install/local_setup.zsh'
[2.668s] INFO:colcon.colcon_core.shell:Creating prefix chain script '/home/jackiepi4/test_ws/install/setup.zsh'
