[0.770s] DEBUG:colcon:Command line arguments: ['/usr/bin/colcon', 'build', '--packages-select', 'cpp_subscriber']
[0.771s] DEBUG:colcon:Parsed command line arguments: Namespace(log_base=None, log_level=None, verb_name='build', build_base='build', install_base='install', merge_install=False, symlink_install=False, test_result_base=None, continue_on_error=False, executor='parallel', parallel_workers=4, event_handlers=None, ignore_user_meta=False, metas=['./colcon.meta'], base_paths=['.'], packages_ignore=None, packages_ignore_regex=None, paths=None, packages_up_to=None, packages_up_to_regex=None, packages_above=None, packages_above_and_dependencies=None, packages_above_depth=None, packages_select_by_dep=None, packages_skip_by_dep=None, packages_skip_up_to=None, packages_select_build_failed=False, packages_skip_build_finished=False, packages_select_test_failures=False, packages_skip_test_passed=False, packages_select=['cpp_subscriber'], packages_skip=None, packages_select_regex=None, packages_skip_regex=None, packages_start=None, packages_end=None, allow_overriding=[], cmake_args=None, cmake_target=None, cmake_target_skip_unavailable=False, cmake_clean_cache=False, cmake_clean_first=False, cmake_force_configure=False, ament_cmake_args=None, catkin_cmake_args=None, catkin_skip_building_tests=False, mixin_files=None, mixin=None, verb_parser=<colcon_mixin.mixin.mixin_argument.MixinArgumentDecorator object at 0xffff99572560>, verb_extension=<colcon_core.verb.build.BuildVerb object at 0xffff99676b60>, main=<bound method BuildVerb.main of <colcon_core.verb.build.BuildVerb object at 0xffff99676b60>>, mixin_verb=('build',))
[2.043s] Level 1:colcon.colcon_core.package_discovery:discover_packages(colcon_meta) check parameters
[2.044s] Level 1:colcon.colcon_core.package_discovery:discover_packages(recursive) check parameters
[2.044s] Level 1:colcon.colcon_core.package_discovery:discover_packages(ignore) check parameters
[2.045s] Level 1:colcon.colcon_core.package_discovery:discover_packages(path) check parameters
[2.045s] Level 1:colcon.colcon_core.package_discovery:discover_packages(colcon_meta) discover
[2.045s] Level 1:colcon.colcon_core.package_discovery:discover_packages(recursive) discover
[2.045s] INFO:colcon.colcon_core.package_discovery:Crawling recursively for packages in '/home/jackiepi4/test_ws'
[2.046s] Level 1:colcon.colcon_core.package_identification:_identify(.) by extensions ['ignore', 'ignore_ament_install']
[2.046s] Level 1:colcon.colcon_core.package_identification:_identify(.) by extension 'ignore'
[2.047s] Level 1:colcon.colcon_core.package_identification:_identify(.) by extension 'ignore_ament_install'
[2.047s] Level 1:colcon.colcon_core.package_identification:_identify(.) by extensions ['colcon_pkg']
[2.048s] Level 1:colcon.colcon_core.package_identification:_identify(.) by extension 'colcon_pkg'
[2.048s] Level 1:colcon.colcon_core.package_identification:_identify(.) by extensions ['colcon_meta']
[2.048s] Level 1:colcon.colcon_core.package_identification:_identify(.) by extension 'colcon_meta'
[2.048s] Level 1:colcon.colcon_core.package_identification:_identify(.) by extensions ['ros']
[2.049s] Level 1:colcon.colcon_core.package_identification:_identify(.) by extension 'ros'
[2.112s] Level 1:colcon.colcon_core.package_identification:_identify(.) by extensions ['cmake', 'python']
[2.112s] Level 1:colcon.colcon_core.package_identification:_identify(.) by extension 'cmake'
[2.113s] Level 1:colcon.colcon_core.package_identification:_identify(.) by extension 'python'
[2.113s] Level 1:colcon.colcon_core.package_identification:_identify(.) by extensions ['python_setup_py']
[2.113s] Level 1:colcon.colcon_core.package_identification:_identify(.) by extension 'python_setup_py'
[2.114s] Level 1:colcon.colcon_core.package_identification:_identify(build) by extensions ['ignore', 'ignore_ament_install']
[2.115s] Level 1:colcon.colcon_core.package_identification:_identify(build) by extension 'ignore'
[2.115s] Level 1:colcon.colcon_core.package_identification:_identify(build) ignored
[2.116s] Level 1:colcon.colcon_core.package_identification:_identify(install) by extensions ['ignore', 'ignore_ament_install']
[2.117s] Level 1:colcon.colcon_core.package_identification:_identify(install) by extension 'ignore'
[2.117s] Level 1:colcon.colcon_core.package_identification:_identify(install) ignored
[2.118s] Level 1:colcon.colcon_core.package_identification:_identify(log) by extensions ['ignore', 'ignore_ament_install']
[2.119s] Level 1:colcon.colcon_core.package_identification:_identify(log) by extension 'ignore'
[2.119s] Level 1:colcon.colcon_core.package_identification:_identify(log) ignored
[2.120s] Level 1:colcon.colcon_core.package_identification:_identify(src) by extensions ['ignore', 'ignore_ament_install']
[2.121s] Level 1:colcon.colcon_core.package_identification:_identify(src) by extension 'ignore'
[2.121s] Level 1:colcon.colcon_core.package_identification:_identify(src) by extension 'ignore_ament_install'
[2.122s] Level 1:colcon.colcon_core.package_identification:_identify(src) by extensions ['colcon_pkg']
[2.122s] Level 1:colcon.colcon_core.package_identification:_identify(src) by extension 'colcon_pkg'
[2.122s] Level 1:colcon.colcon_core.package_identification:_identify(src) by extensions ['colcon_meta']
[2.123s] Level 1:colcon.colcon_core.package_identification:_identify(src) by extension 'colcon_meta'
[2.123s] Level 1:colcon.colcon_core.package_identification:_identify(src) by extensions ['ros']
[2.124s] Level 1:colcon.colcon_core.package_identification:_identify(src) by extension 'ros'
[2.125s] Level 1:colcon.colcon_core.package_identification:_identify(src) by extensions ['cmake', 'python']
[2.125s] Level 1:colcon.colcon_core.package_identification:_identify(src) by extension 'cmake'
[2.125s] Level 1:colcon.colcon_core.package_identification:_identify(src) by extension 'python'
[2.126s] Level 1:colcon.colcon_core.package_identification:_identify(src) by extensions ['python_setup_py']
[2.126s] Level 1:colcon.colcon_core.package_identification:_identify(src) by extension 'python_setup_py'
[2.126s] Level 1:colcon.colcon_core.package_identification:_identify(src/cpp_subscriber) by extensions ['ignore', 'ignore_ament_install']
[2.127s] Level 1:colcon.colcon_core.package_identification:_identify(src/cpp_subscriber) by extension 'ignore'
[2.127s] Level 1:colcon.colcon_core.package_identification:_identify(src/cpp_subscriber) by extension 'ignore_ament_install'
[2.128s] Level 1:colcon.colcon_core.package_identification:_identify(src/cpp_subscriber) by extensions ['colcon_pkg']
[2.128s] Level 1:colcon.colcon_core.package_identification:_identify(src/cpp_subscriber) by extension 'colcon_pkg'
[2.129s] Level 1:colcon.colcon_core.package_identification:_identify(src/cpp_subscriber) by extensions ['colcon_meta']
[2.129s] Level 1:colcon.colcon_core.package_identification:_identify(src/cpp_subscriber) by extension 'colcon_meta'
[2.130s] Level 1:colcon.colcon_core.package_identification:_identify(src/cpp_subscriber) by extensions ['ros']
[2.131s] Level 1:colcon.colcon_core.package_identification:_identify(src/cpp_subscriber) by extension 'ros'
[2.141s] DEBUG:colcon.colcon_core.package_identification:Package 'src/cpp_subscriber' with type 'ros.ament_cmake' and name 'cpp_subscriber'
[2.141s] Level 1:colcon.colcon_core.package_discovery:discover_packages(recursive) using defaults
[2.142s] Level 1:colcon.colcon_core.package_discovery:discover_packages(ignore) discover
[2.142s] Level 1:colcon.colcon_core.package_discovery:discover_packages(ignore) using defaults
[2.142s] Level 1:colcon.colcon_core.package_discovery:discover_packages(path) discover
[2.142s] Level 1:colcon.colcon_core.package_discovery:discover_packages(path) using defaults
[2.296s] Level 1:colcon.colcon_core.package_discovery:discover_packages(prefix_path) check parameters
[2.296s] Level 1:colcon.colcon_core.package_discovery:discover_packages(prefix_path) discover
[2.316s] DEBUG:colcon.colcon_installed_package_information.package_discovery:Found 288 installed packages in /opt/ros/humble
[2.323s] Level 1:colcon.colcon_core.package_discovery:discover_packages(prefix_path) using defaults
[2.551s] Level 5:colcon.colcon_core.verb:set package 'cpp_subscriber' build argument 'cmake_args' from command line to 'None'
[2.551s] Level 5:colcon.colcon_core.verb:set package 'cpp_subscriber' build argument 'cmake_target' from command line to 'None'
[2.552s] Level 5:colcon.colcon_core.verb:set package 'cpp_subscriber' build argument 'cmake_target_skip_unavailable' from command line to 'False'
[2.552s] Level 5:colcon.colcon_core.verb:set package 'cpp_subscriber' build argument 'cmake_clean_cache' from command line to 'False'
[2.552s] Level 5:colcon.colcon_core.verb:set package 'cpp_subscriber' build argument 'cmake_clean_first' from command line to 'False'
[2.552s] Level 5:colcon.colcon_core.verb:set package 'cpp_subscriber' build argument 'cmake_force_configure' from command line to 'False'
[2.552s] Level 5:colcon.colcon_core.verb:set package 'cpp_subscriber' build argument 'ament_cmake_args' from command line to 'None'
[2.552s] Level 5:colcon.colcon_core.verb:set package 'cpp_subscriber' build argument 'catkin_cmake_args' from command line to 'None'
[2.552s] Level 5:colcon.colcon_core.verb:set package 'cpp_subscriber' build argument 'catkin_skip_building_tests' from command line to 'False'
[2.553s] DEBUG:colcon.colcon_core.verb:Building package 'cpp_subscriber' with the following arguments: {'ament_cmake_args': None, 'build_base': '/home/jackiepi4/test_ws/build/cpp_subscriber', 'catkin_cmake_args': None, 'catkin_skip_building_tests': False, 'cmake_args': None, 'cmake_clean_cache': False, 'cmake_clean_first': False, 'cmake_force_configure': False, 'cmake_target': None, 'cmake_target_skip_unavailable': False, 'install_base': '/home/jackiepi4/test_ws/install/cpp_subscriber', 'merge_install': False, 'path': '/home/jackiepi4/test_ws/src/cpp_subscriber', 'symlink_install': False, 'test_result_base': None}
[2.554s] INFO:colcon.colcon_core.executor:Executing jobs using 'parallel' executor
[2.558s] DEBUG:colcon.colcon_parallel_executor.executor.parallel:run_until_complete
[2.560s] INFO:colcon.colcon_ros.task.ament_cmake.build:Building ROS package in '/home/jackiepi4/test_ws/src/cpp_subscriber' with build type 'ament_cmake'
[2.560s] INFO:colcon.colcon_cmake.task.cmake.build:Building CMake package in '/home/jackiepi4/test_ws/src/cpp_subscriber'
[2.578s] INFO:colcon.colcon_core.plugin_system:Skipping extension 'colcon_core.shell.bat': Not used on non-Windows systems
[2.579s] INFO:colcon.colcon_core.shell:Skip shell extension 'powershell' for command environment: Not usable outside of PowerShell
[2.579s] DEBUG:colcon.colcon_core.shell:Skip shell extension 'dsv' for command environment
[2.627s] DEBUG:colcon.colcon_core.event_handler.log_command:Invoking command in '/home/jackiepi4/test_ws/build/cpp_subscriber': CMAKE_PREFIX_PATH=/opt/ros/humble /usr/bin/cmake /home/jackiepi4/test_ws/src/cpp_subscriber -DCMAKE_INSTALL_PREFIX=/home/jackiepi4/test_ws/install/cpp_subscriber
[7.876s] DEBUG:colcon.colcon_core.event_handler.log_command:Invoked command in '/home/jackiepi4/test_ws/build/cpp_subscriber' returned '1': CMAKE_PREFIX_PATH=/opt/ros/humble /usr/bin/cmake /home/jackiepi4/test_ws/src/cpp_subscriber -DCMAKE_INSTALL_PREFIX=/home/jackiepi4/test_ws/install/cpp_subscriber
[8.270s] Level 1:colcon.colcon_core.environment:create_environment_scripts_only(cpp_subscriber)
[8.283s] Level 1:colcon.colcon_core.environment:checking '/home/jackiepi4/test_ws/install/cpp_subscriber' for CMake module files
[8.287s] Level 1:colcon.colcon_core.environment:checking '/home/jackiepi4/test_ws/install/cpp_subscriber' for CMake config files
[8.289s] Level 1:colcon.colcon_core.environment:checking '/home/jackiepi4/test_ws/install/cpp_subscriber/bin'
[8.290s] Level 1:colcon.colcon_core.environment:checking '/home/jackiepi4/test_ws/install/cpp_subscriber/lib/pkgconfig/cpp_subscriber.pc'
[8.291s] Level 1:colcon.colcon_core.environment:checking '/home/jackiepi4/test_ws/install/cpp_subscriber/lib/python3.10/site-packages'
[8.293s] Level 1:colcon.colcon_core.environment:checking '/home/jackiepi4/test_ws/install/cpp_subscriber/bin'
[8.294s] INFO:colcon.colcon_core.shell:Creating package script '/home/jackiepi4/test_ws/install/cpp_subscriber/share/cpp_subscriber/package.ps1'
[8.305s] INFO:colcon.colcon_core.shell:Creating package descriptor '/home/jackiepi4/test_ws/install/cpp_subscriber/share/cpp_subscriber/package.dsv'
[8.308s] INFO:colcon.colcon_core.shell:Creating package script '/home/jackiepi4/test_ws/install/cpp_subscriber/share/cpp_subscriber/package.sh'
[8.314s] INFO:colcon.colcon_core.shell:Creating package script '/home/jackiepi4/test_ws/install/cpp_subscriber/share/cpp_subscriber/package.bash'
[8.319s] INFO:colcon.colcon_core.shell:Creating package script '/home/jackiepi4/test_ws/install/cpp_subscriber/share/cpp_subscriber/package.zsh'
[8.322s] Level 1:colcon.colcon_core.environment:create_file_with_runtime_dependencies(/home/jackiepi4/test_ws/install/cpp_subscriber/share/colcon-core/packages/cpp_subscriber)
[8.334s] DEBUG:colcon.colcon_parallel_executor.executor.parallel:closing loop
[8.335s] DEBUG:colcon.colcon_parallel_executor.executor.parallel:loop closed
[8.336s] DEBUG:colcon.colcon_parallel_executor.executor.parallel:run_until_complete finished with '1'
[8.336s] DEBUG:colcon.colcon_core.event_reactor:joining thread
[8.378s] INFO:colcon.colcon_core.plugin_system:Skipping extension 'colcon_notification.desktop_notification.terminal_notifier': Not used on non-Darwin systems
[8.378s] INFO:colcon.colcon_core.plugin_system:Skipping extension 'colcon_notification.desktop_notification.win32': Not used on non-Windows systems
[8.379s] INFO:colcon.colcon_notification.desktop_notification:Sending desktop notification using 'notify2'
[8.429s] DEBUG:colcon.colcon_core.event_reactor:joined thread
[8.431s] INFO:colcon.colcon_core.shell:Creating prefix script '/home/jackiepi4/test_ws/install/local_setup.ps1'
[8.438s] INFO:colcon.colcon_core.shell:Creating prefix util module '/home/jackiepi4/test_ws/install/_local_setup_util_ps1.py'
[8.446s] INFO:colcon.colcon_core.shell:Creating prefix chain script '/home/jackiepi4/test_ws/install/setup.ps1'
[8.451s] INFO:colcon.colcon_core.shell:Creating prefix script '/home/jackiepi4/test_ws/install/local_setup.sh'
[8.453s] INFO:colcon.colcon_core.shell:Creating prefix util module '/home/jackiepi4/test_ws/install/_local_setup_util_sh.py'
[8.456s] INFO:colcon.colcon_core.shell:Creating prefix chain script '/home/jackiepi4/test_ws/install/setup.sh'
[8.466s] INFO:colcon.colcon_core.shell:Creating prefix script '/home/jackiepi4/test_ws/install/local_setup.bash'
[8.472s] INFO:colcon.colcon_core.shell:Creating prefix chain script '/home/jackiepi4/test_ws/install/setup.bash'
[8.476s] INFO:colcon.colcon_core.shell:Creating prefix script '/home/jackiepi4/test_ws/install/local_setup.zsh'
[8.479s] INFO:colcon.colcon_core.shell:Creating prefix chain script '/home/jackiepi4/test_ws/install/setup.zsh'
