[0.469s] DEBUG:colcon:Command line arguments: ['/usr/bin/colcon', 'build', '--packages-select', 'cpp_subscriber']
[0.469s] DEBUG:colcon:Parsed command line arguments: Namespace(log_base=None, log_level=None, verb_name='build', build_base='build', install_base='install', merge_install=False, symlink_install=False, test_result_base=None, continue_on_error=False, executor='parallel', parallel_workers=4, event_handlers=None, ignore_user_meta=False, metas=['./colcon.meta'], base_paths=['.'], packages_ignore=None, packages_ignore_regex=None, paths=None, packages_up_to=None, packages_up_to_regex=None, packages_above=None, packages_above_and_dependencies=None, packages_above_depth=None, packages_select_by_dep=None, packages_skip_by_dep=None, packages_skip_up_to=None, packages_select_build_failed=False, packages_skip_build_finished=False, packages_select_test_failures=False, packages_skip_test_passed=False, packages_select=['cpp_subscriber'], packages_skip=None, packages_select_regex=None, packages_skip_regex=None, packages_start=None, packages_end=None, allow_overriding=[], cmake_args=None, cmake_target=None, cmake_target_skip_unavailable=False, cmake_clean_cache=False, cmake_clean_first=False, cmake_force_configure=False, ament_cmake_args=None, catkin_cmake_args=None, catkin_skip_building_tests=False, mixin_files=None, mixin=None, verb_parser=<colcon_mixin.mixin.mixin_argument.MixinArgumentDecorator object at 0xffff907e6560>, verb_extension=<colcon_core.verb.build.BuildVerb object at 0xffff908e6b60>, main=<bound method BuildVerb.main of <colcon_core.verb.build.BuildVerb object at 0xffff908e6b60>>, mixin_verb=('build',))
[1.346s] Level 1:colcon.colcon_core.package_discovery:discover_packages(colcon_meta) check parameters
[1.346s] Level 1:colcon.colcon_core.package_discovery:discover_packages(recursive) check parameters
[1.347s] Level 1:colcon.colcon_core.package_discovery:discover_packages(ignore) check parameters
[1.347s] Level 1:colcon.colcon_core.package_discovery:discover_packages(path) check parameters
[1.347s] Level 1:colcon.colcon_core.package_discovery:discover_packages(colcon_meta) discover
[1.347s] Level 1:colcon.colcon_core.package_discovery:discover_packages(recursive) discover
[1.347s] INFO:colcon.colcon_core.package_discovery:Crawling recursively for packages in '/home/jackiepi4/test_ws'
[1.348s] Level 1:colcon.colcon_core.package_identification:_identify(.) by extensions ['ignore', 'ignore_ament_install']
[1.348s] Level 1:colcon.colcon_core.package_identification:_identify(.) by extension 'ignore'
[1.348s] Level 1:colcon.colcon_core.package_identification:_identify(.) by extension 'ignore_ament_install'
[1.349s] Level 1:colcon.colcon_core.package_identification:_identify(.) by extensions ['colcon_pkg']
[1.349s] Level 1:colcon.colcon_core.package_identification:_identify(.) by extension 'colcon_pkg'
[1.349s] Level 1:colcon.colcon_core.package_identification:_identify(.) by extensions ['colcon_meta']
[1.349s] Level 1:colcon.colcon_core.package_identification:_identify(.) by extension 'colcon_meta'
[1.349s] Level 1:colcon.colcon_core.package_identification:_identify(.) by extensions ['ros']
[1.349s] Level 1:colcon.colcon_core.package_identification:_identify(.) by extension 'ros'
[1.393s] Level 1:colcon.colcon_core.package_identification:_identify(.) by extensions ['cmake', 'python']
[1.393s] Level 1:colcon.colcon_core.package_identification:_identify(.) by extension 'cmake'
[1.393s] Level 1:colcon.colcon_core.package_identification:_identify(.) by extension 'python'
[1.394s] Level 1:colcon.colcon_core.package_identification:_identify(.) by extensions ['python_setup_py']
[1.394s] Level 1:colcon.colcon_core.package_identification:_identify(.) by extension 'python_setup_py'
[1.394s] Level 1:colcon.colcon_core.package_identification:_identify(build) by extensions ['ignore', 'ignore_ament_install']
[1.395s] Level 1:colcon.colcon_core.package_identification:_identify(build) by extension 'ignore'
[1.395s] Level 1:colcon.colcon_core.package_identification:_identify(build) ignored
[1.396s] Level 1:colcon.colcon_core.package_identification:_identify(install) by extensions ['ignore', 'ignore_ament_install']
[1.396s] Level 1:colcon.colcon_core.package_identification:_identify(install) by extension 'ignore'
[1.396s] Level 1:colcon.colcon_core.package_identification:_identify(install) ignored
[1.397s] Level 1:colcon.colcon_core.package_identification:_identify(log) by extensions ['ignore', 'ignore_ament_install']
[1.397s] Level 1:colcon.colcon_core.package_identification:_identify(log) by extension 'ignore'
[1.397s] Level 1:colcon.colcon_core.package_identification:_identify(log) ignored
[1.398s] Level 1:colcon.colcon_core.package_identification:_identify(src) by extensions ['ignore', 'ignore_ament_install']
[1.398s] Level 1:colcon.colcon_core.package_identification:_identify(src) by extension 'ignore'
[1.398s] Level 1:colcon.colcon_core.package_identification:_identify(src) by extension 'ignore_ament_install'
[1.398s] Level 1:colcon.colcon_core.package_identification:_identify(src) by extensions ['colcon_pkg']
[1.399s] Level 1:colcon.colcon_core.package_identification:_identify(src) by extension 'colcon_pkg'
[1.399s] Level 1:colcon.colcon_core.package_identification:_identify(src) by extensions ['colcon_meta']
[1.399s] Level 1:colcon.colcon_core.package_identification:_identify(src) by extension 'colcon_meta'
[1.399s] Level 1:colcon.colcon_core.package_identification:_identify(src) by extensions ['ros']
[1.399s] Level 1:colcon.colcon_core.package_identification:_identify(src) by extension 'ros'
[1.399s] Level 1:colcon.colcon_core.package_identification:_identify(src) by extensions ['cmake', 'python']
[1.400s] Level 1:colcon.colcon_core.package_identification:_identify(src) by extension 'cmake'
[1.400s] Level 1:colcon.colcon_core.package_identification:_identify(src) by extension 'python'
[1.400s] Level 1:colcon.colcon_core.package_identification:_identify(src) by extensions ['python_setup_py']
[1.400s] Level 1:colcon.colcon_core.package_identification:_identify(src) by extension 'python_setup_py'
[1.401s] Level 1:colcon.colcon_core.package_identification:_identify(src/cpp_subscriber) by extensions ['ignore', 'ignore_ament_install']
[1.401s] Level 1:colcon.colcon_core.package_identification:_identify(src/cpp_subscriber) by extension 'ignore'
[1.401s] Level 1:colcon.colcon_core.package_identification:_identify(src/cpp_subscriber) by extension 'ignore_ament_install'
[1.401s] Level 1:colcon.colcon_core.package_identification:_identify(src/cpp_subscriber) by extensions ['colcon_pkg']
[1.402s] Level 1:colcon.colcon_core.package_identification:_identify(src/cpp_subscriber) by extension 'colcon_pkg'
[1.402s] Level 1:colcon.colcon_core.package_identification:_identify(src/cpp_subscriber) by extensions ['colcon_meta']
[1.402s] Level 1:colcon.colcon_core.package_identification:_identify(src/cpp_subscriber) by extension 'colcon_meta'
[1.402s] Level 1:colcon.colcon_core.package_identification:_identify(src/cpp_subscriber) by extensions ['ros']
[1.402s] Level 1:colcon.colcon_core.package_identification:_identify(src/cpp_subscriber) by extension 'ros'
[1.410s] DEBUG:colcon.colcon_core.package_identification:Package 'src/cpp_subscriber' with type 'ros.ament_cmake' and name 'cpp_subscriber'
[1.411s] Level 1:colcon.colcon_core.package_discovery:discover_packages(recursive) using defaults
[1.411s] Level 1:colcon.colcon_core.package_discovery:discover_packages(ignore) discover
[1.411s] Level 1:colcon.colcon_core.package_discovery:discover_packages(ignore) using defaults
[1.412s] Level 1:colcon.colcon_core.package_discovery:discover_packages(path) discover
[1.412s] Level 1:colcon.colcon_core.package_discovery:discover_packages(path) using defaults
[1.529s] Level 1:colcon.colcon_core.package_discovery:discover_packages(prefix_path) check parameters
[1.530s] Level 1:colcon.colcon_core.package_discovery:discover_packages(prefix_path) discover
[1.544s] DEBUG:colcon.colcon_installed_package_information.package_discovery:Found 288 installed packages in /opt/ros/humble
[1.551s] Level 1:colcon.colcon_core.package_discovery:discover_packages(prefix_path) using defaults
[1.722s] Level 5:colcon.colcon_core.verb:set package 'cpp_subscriber' build argument 'cmake_args' from command line to 'None'
[1.723s] Level 5:colcon.colcon_core.verb:set package 'cpp_subscriber' build argument 'cmake_target' from command line to 'None'
[1.723s] Level 5:colcon.colcon_core.verb:set package 'cpp_subscriber' build argument 'cmake_target_skip_unavailable' from command line to 'False'
[1.723s] Level 5:colcon.colcon_core.verb:set package 'cpp_subscriber' build argument 'cmake_clean_cache' from command line to 'False'
[1.723s] Level 5:colcon.colcon_core.verb:set package 'cpp_subscriber' build argument 'cmake_clean_first' from command line to 'False'
[1.723s] Level 5:colcon.colcon_core.verb:set package 'cpp_subscriber' build argument 'cmake_force_configure' from command line to 'False'
[1.723s] Level 5:colcon.colcon_core.verb:set package 'cpp_subscriber' build argument 'ament_cmake_args' from command line to 'None'
[1.723s] Level 5:colcon.colcon_core.verb:set package 'cpp_subscriber' build argument 'catkin_cmake_args' from command line to 'None'
[1.724s] Level 5:colcon.colcon_core.verb:set package 'cpp_subscriber' build argument 'catkin_skip_building_tests' from command line to 'False'
[1.724s] DEBUG:colcon.colcon_core.verb:Building package 'cpp_subscriber' with the following arguments: {'ament_cmake_args': None, 'build_base': '/home/jackiepi4/test_ws/build/cpp_subscriber', 'catkin_cmake_args': None, 'catkin_skip_building_tests': False, 'cmake_args': None, 'cmake_clean_cache': False, 'cmake_clean_first': False, 'cmake_force_configure': False, 'cmake_target': None, 'cmake_target_skip_unavailable': False, 'install_base': '/home/jackiepi4/test_ws/install/cpp_subscriber', 'merge_install': False, 'path': '/home/jackiepi4/test_ws/src/cpp_subscriber', 'symlink_install': False, 'test_result_base': None}
[1.724s] INFO:colcon.colcon_core.executor:Executing jobs using 'parallel' executor
[1.728s] DEBUG:colcon.colcon_parallel_executor.executor.parallel:run_until_complete
[1.729s] INFO:colcon.colcon_ros.task.ament_cmake.build:Building ROS package in '/home/jackiepi4/test_ws/src/cpp_subscriber' with build type 'ament_cmake'
[1.730s] INFO:colcon.colcon_cmake.task.cmake.build:Building CMake package in '/home/jackiepi4/test_ws/src/cpp_subscriber'
[1.739s] INFO:colcon.colcon_core.plugin_system:Skipping extension 'colcon_core.shell.bat': Not used on non-Windows systems
[1.740s] INFO:colcon.colcon_core.shell:Skip shell extension 'powershell' for command environment: Not usable outside of PowerShell
[1.741s] DEBUG:colcon.colcon_core.shell:Skip shell extension 'dsv' for command environment
[1.776s] DEBUG:colcon.colcon_core.event_handler.log_command:Invoking command in '/home/jackiepi4/test_ws/build/cpp_subscriber': CMAKE_PREFIX_PATH=/opt/ros/humble /usr/bin/cmake /home/jackiepi4/test_ws/src/cpp_subscriber -DCMAKE_INSTALL_PREFIX=/home/jackiepi4/test_ws/install/cpp_subscriber
[5.257s] DEBUG:colcon.colcon_core.event_handler.log_command:Invoked command in '/home/jackiepi4/test_ws/build/cpp_subscriber' returned '0': CMAKE_PREFIX_PATH=/opt/ros/humble /usr/bin/cmake /home/jackiepi4/test_ws/src/cpp_subscriber -DCMAKE_INSTALL_PREFIX=/home/jackiepi4/test_ws/install/cpp_subscriber
[5.263s] DEBUG:colcon.colcon_core.event_handler.log_command:Invoking command in '/home/jackiepi4/test_ws/build/cpp_subscriber': CMAKE_PREFIX_PATH=/opt/ros/humble /usr/bin/cmake --build /home/jackiepi4/test_ws/build/cpp_subscriber -- -j4 -l4
[40.937s] DEBUG:colcon.colcon_core.event_handler.log_command:Invoked command in '/home/jackiepi4/test_ws/build/cpp_subscriber' returned '0': CMAKE_PREFIX_PATH=/opt/ros/humble /usr/bin/cmake --build /home/jackiepi4/test_ws/build/cpp_subscriber -- -j4 -l4
[41.106s] DEBUG:colcon.colcon_core.event_handler.log_command:Invoking command in '/home/jackiepi4/test_ws/build/cpp_subscriber': CMAKE_PREFIX_PATH=/opt/ros/humble /usr/bin/cmake --install /home/jackiepi4/test_ws/build/cpp_subscriber
[41.184s] Level 1:colcon.colcon_core.environment:create_environment_scripts_only(cpp_subscriber)
[41.187s] DEBUG:colcon.colcon_core.event_handler.log_command:Invoked command in '/home/jackiepi4/test_ws/build/cpp_subscriber' returned '0': CMAKE_PREFIX_PATH=/opt/ros/humble /usr/bin/cmake --install /home/jackiepi4/test_ws/build/cpp_subscriber
[41.197s] Level 1:colcon.colcon_core.environment:checking '/home/jackiepi4/test_ws/install/cpp_subscriber' for CMake module files
[41.200s] Level 1:colcon.colcon_core.environment:checking '/home/jackiepi4/test_ws/install/cpp_subscriber' for CMake config files
[41.201s] Level 1:colcon.colcon_core.shell:create_environment_hook('cpp_subscriber', 'cmake_prefix_path')
[41.203s] INFO:colcon.colcon_core.shell:Creating environment hook '/home/jackiepi4/test_ws/install/cpp_subscriber/share/cpp_subscriber/hook/cmake_prefix_path.ps1'
[41.221s] INFO:colcon.colcon_core.shell:Creating environment descriptor '/home/jackiepi4/test_ws/install/cpp_subscriber/share/cpp_subscriber/hook/cmake_prefix_path.dsv'
[41.257s] INFO:colcon.colcon_core.shell:Creating environment hook '/home/jackiepi4/test_ws/install/cpp_subscriber/share/cpp_subscriber/hook/cmake_prefix_path.sh'
[41.285s] Level 1:colcon.colcon_core.environment:checking '/home/jackiepi4/test_ws/install/cpp_subscriber/lib'
[41.286s] Level 1:colcon.colcon_core.environment:checking '/home/jackiepi4/test_ws/install/cpp_subscriber/bin'
[41.287s] Level 1:colcon.colcon_core.environment:checking '/home/jackiepi4/test_ws/install/cpp_subscriber/lib/pkgconfig/cpp_subscriber.pc'
[41.289s] Level 1:colcon.colcon_core.environment:checking '/home/jackiepi4/test_ws/install/cpp_subscriber/lib/python3.10/site-packages'
[41.290s] Level 1:colcon.colcon_core.environment:checking '/home/jackiepi4/test_ws/install/cpp_subscriber/bin'
[41.293s] INFO:colcon.colcon_core.shell:Creating package script '/home/jackiepi4/test_ws/install/cpp_subscriber/share/cpp_subscriber/package.ps1'
[41.297s] INFO:colcon.colcon_core.shell:Creating package descriptor '/home/jackiepi4/test_ws/install/cpp_subscriber/share/cpp_subscriber/package.dsv'
[41.299s] INFO:colcon.colcon_core.shell:Creating package script '/home/jackiepi4/test_ws/install/cpp_subscriber/share/cpp_subscriber/package.sh'
[41.302s] INFO:colcon.colcon_core.shell:Creating package script '/home/jackiepi4/test_ws/install/cpp_subscriber/share/cpp_subscriber/package.bash'
[41.306s] INFO:colcon.colcon_core.shell:Creating package script '/home/jackiepi4/test_ws/install/cpp_subscriber/share/cpp_subscriber/package.zsh'
[41.309s] Level 1:colcon.colcon_core.environment:create_file_with_runtime_dependencies(/home/jackiepi4/test_ws/install/cpp_subscriber/share/colcon-core/packages/cpp_subscriber)
[41.434s] Level 1:colcon.colcon_core.environment:create_environment_scripts_only(cpp_subscriber)
[41.435s] Level 1:colcon.colcon_core.environment:checking '/home/jackiepi4/test_ws/install/cpp_subscriber' for CMake module files
[41.439s] Level 1:colcon.colcon_core.environment:checking '/home/jackiepi4/test_ws/install/cpp_subscriber' for CMake config files
[41.440s] Level 1:colcon.colcon_core.shell:create_environment_hook('cpp_subscriber', 'cmake_prefix_path')
[41.442s] INFO:colcon.colcon_core.shell:Creating environment hook '/home/jackiepi4/test_ws/install/cpp_subscriber/share/cpp_subscriber/hook/cmake_prefix_path.ps1'
[41.445s] INFO:colcon.colcon_core.shell:Creating environment descriptor '/home/jackiepi4/test_ws/install/cpp_subscriber/share/cpp_subscriber/hook/cmake_prefix_path.dsv'
[41.447s] INFO:colcon.colcon_core.shell:Creating environment hook '/home/jackiepi4/test_ws/install/cpp_subscriber/share/cpp_subscriber/hook/cmake_prefix_path.sh'
[41.451s] Level 1:colcon.colcon_core.environment:checking '/home/jackiepi4/test_ws/install/cpp_subscriber/lib'
[41.452s] Level 1:colcon.colcon_core.environment:checking '/home/jackiepi4/test_ws/install/cpp_subscriber/bin'
[41.453s] Level 1:colcon.colcon_core.environment:checking '/home/jackiepi4/test_ws/install/cpp_subscriber/lib/pkgconfig/cpp_subscriber.pc'
[41.454s] Level 1:colcon.colcon_core.environment:checking '/home/jackiepi4/test_ws/install/cpp_subscriber/lib/python3.10/site-packages'
[41.455s] Level 1:colcon.colcon_core.environment:checking '/home/jackiepi4/test_ws/install/cpp_subscriber/bin'
[41.457s] INFO:colcon.colcon_core.shell:Creating package script '/home/jackiepi4/test_ws/install/cpp_subscriber/share/cpp_subscriber/package.ps1'
[41.460s] INFO:colcon.colcon_core.shell:Creating package descriptor '/home/jackiepi4/test_ws/install/cpp_subscriber/share/cpp_subscriber/package.dsv'
[41.463s] INFO:colcon.colcon_core.shell:Creating package script '/home/jackiepi4/test_ws/install/cpp_subscriber/share/cpp_subscriber/package.sh'
[41.466s] INFO:colcon.colcon_core.shell:Creating package script '/home/jackiepi4/test_ws/install/cpp_subscriber/share/cpp_subscriber/package.bash'
[41.469s] INFO:colcon.colcon_core.shell:Creating package script '/home/jackiepi4/test_ws/install/cpp_subscriber/share/cpp_subscriber/package.zsh'
[41.471s] Level 1:colcon.colcon_core.environment:create_file_with_runtime_dependencies(/home/jackiepi4/test_ws/install/cpp_subscriber/share/colcon-core/packages/cpp_subscriber)
[41.473s] DEBUG:colcon.colcon_parallel_executor.executor.parallel:closing loop
[41.474s] DEBUG:colcon.colcon_parallel_executor.executor.parallel:loop closed
[41.475s] DEBUG:colcon.colcon_parallel_executor.executor.parallel:run_until_complete finished with '0'
[41.475s] DEBUG:colcon.colcon_core.event_reactor:joining thread
[41.512s] INFO:colcon.colcon_core.plugin_system:Skipping extension 'colcon_notification.desktop_notification.terminal_notifier': Not used on non-Darwin systems
[41.512s] INFO:colcon.colcon_core.plugin_system:Skipping extension 'colcon_notification.desktop_notification.win32': Not used on non-Windows systems
[41.512s] INFO:colcon.colcon_notification.desktop_notification:Sending desktop notification using 'notify2'
[41.558s] DEBUG:colcon.colcon_core.event_reactor:joined thread
[41.559s] INFO:colcon.colcon_core.shell:Creating prefix script '/home/jackiepi4/test_ws/install/local_setup.ps1'
[41.563s] INFO:colcon.colcon_core.shell:Creating prefix util module '/home/jackiepi4/test_ws/install/_local_setup_util_ps1.py'
[41.568s] INFO:colcon.colcon_core.shell:Creating prefix chain script '/home/jackiepi4/test_ws/install/setup.ps1'
[41.572s] INFO:colcon.colcon_core.shell:Creating prefix script '/home/jackiepi4/test_ws/install/local_setup.sh'
[41.575s] INFO:colcon.colcon_core.shell:Creating prefix util module '/home/jackiepi4/test_ws/install/_local_setup_util_sh.py'
[41.577s] INFO:colcon.colcon_core.shell:Creating prefix chain script '/home/jackiepi4/test_ws/install/setup.sh'
[41.582s] INFO:colcon.colcon_core.shell:Creating prefix script '/home/jackiepi4/test_ws/install/local_setup.bash'
[41.584s] INFO:colcon.colcon_core.shell:Creating prefix chain script '/home/jackiepi4/test_ws/install/setup.bash'
[41.588s] INFO:colcon.colcon_core.shell:Creating prefix script '/home/jackiepi4/test_ws/install/local_setup.zsh'
[41.590s] INFO:colcon.colcon_core.shell:Creating prefix chain script '/home/jackiepi4/test_ws/install/setup.zsh'
