[2.012s] DEBUG:colcon:Command line arguments: ['/usr/bin/colcon', 'build']
[2.013s] DEBUG:colcon:Parsed command line arguments: Namespace(log_base=None, log_level=None, verb_name='build', build_base='build', install_base='install', merge_install=False, symlink_install=False, test_result_base=None, continue_on_error=False, executor='parallel', parallel_workers=4, event_handlers=None, ignore_user_meta=False, metas=['./colcon.meta'], base_paths=['.'], packages_ignore=None, packages_ignore_regex=None, paths=None, packages_up_to=None, packages_up_to_regex=None, packages_above=None, packages_above_and_dependencies=None, packages_above_depth=None, packages_select_by_dep=None, packages_skip_by_dep=None, packages_skip_up_to=None, packages_select_build_failed=False, packages_skip_build_finished=False, packages_select_test_failures=False, packages_skip_test_passed=False, packages_select=None, packages_skip=None, packages_select_regex=None, packages_skip_regex=None, packages_start=None, packages_end=None, allow_overriding=[], cmake_args=None, cmake_target=None, cmake_target_skip_unavailable=False, cmake_clean_cache=False, cmake_clean_first=False, cmake_force_configure=False, ament_cmake_args=None, catkin_cmake_args=None, catkin_skip_building_tests=False, mixin_files=None, mixin=None, verb_parser=<colcon_mixin.mixin.mixin_argument.MixinArgumentDecorator object at 0xffffbd3d2500>, verb_extension=<colcon_core.verb.build.BuildVerb object at 0xffffbd4dab00>, main=<bound method BuildVerb.main of <colcon_core.verb.build.BuildVerb object at 0xffffbd4dab00>>, mixin_verb=('build',))
[3.876s] Level 1:colcon.colcon_core.package_discovery:discover_packages(colcon_meta) check parameters
[3.877s] Level 1:colcon.colcon_core.package_discovery:discover_packages(recursive) check parameters
[3.877s] Level 1:colcon.colcon_core.package_discovery:discover_packages(ignore) check parameters
[3.877s] Level 1:colcon.colcon_core.package_discovery:discover_packages(path) check parameters
[3.878s] Level 1:colcon.colcon_core.package_discovery:discover_packages(colcon_meta) discover
[3.878s] Level 1:colcon.colcon_core.package_discovery:discover_packages(recursive) discover
[3.879s] INFO:colcon.colcon_core.package_discovery:Crawling recursively for packages in '/home/jackiepi4/test_ws'
[3.880s] Level 1:colcon.colcon_core.package_identification:_identify(.) by extensions ['ignore', 'ignore_ament_install']
[3.880s] Level 1:colcon.colcon_core.package_identification:_identify(.) by extension 'ignore'
[3.881s] Level 1:colcon.colcon_core.package_identification:_identify(.) by extension 'ignore_ament_install'
[3.882s] Level 1:colcon.colcon_core.package_identification:_identify(.) by extensions ['colcon_pkg']
[3.882s] Level 1:colcon.colcon_core.package_identification:_identify(.) by extension 'colcon_pkg'
[3.883s] Level 1:colcon.colcon_core.package_identification:_identify(.) by extensions ['colcon_meta']
[3.883s] Level 1:colcon.colcon_core.package_identification:_identify(.) by extension 'colcon_meta'
[3.884s] Level 1:colcon.colcon_core.package_identification:_identify(.) by extensions ['ros']
[3.884s] Level 1:colcon.colcon_core.package_identification:_identify(.) by extension 'ros'
[3.949s] Level 1:colcon.colcon_core.package_identification:_identify(.) by extensions ['cmake', 'python']
[3.950s] Level 1:colcon.colcon_core.package_identification:_identify(.) by extension 'cmake'
[3.950s] Level 1:colcon.colcon_core.package_identification:_identify(.) by extension 'python'
[3.951s] Level 1:colcon.colcon_core.package_identification:_identify(.) by extensions ['python_setup_py']
[3.951s] Level 1:colcon.colcon_core.package_identification:_identify(.) by extension 'python_setup_py'
[3.952s] Level 1:colcon.colcon_core.package_identification:_identify(build) by extensions ['ignore', 'ignore_ament_install']
[3.953s] Level 1:colcon.colcon_core.package_identification:_identify(build) by extension 'ignore'
[3.953s] Level 1:colcon.colcon_core.package_identification:_identify(build) ignored
[3.955s] Level 1:colcon.colcon_core.package_identification:_identify(install) by extensions ['ignore', 'ignore_ament_install']
[3.955s] Level 1:colcon.colcon_core.package_identification:_identify(install) by extension 'ignore'
[3.956s] Level 1:colcon.colcon_core.package_identification:_identify(install) ignored
[3.957s] Level 1:colcon.colcon_core.package_identification:_identify(log) by extensions ['ignore', 'ignore_ament_install']
[3.958s] Level 1:colcon.colcon_core.package_identification:_identify(log) by extension 'ignore'
[3.958s] Level 1:colcon.colcon_core.package_identification:_identify(log) ignored
[3.959s] Level 1:colcon.colcon_core.package_identification:_identify(src) by extensions ['ignore', 'ignore_ament_install']
[3.960s] Level 1:colcon.colcon_core.package_identification:_identify(src) by extension 'ignore'
[3.961s] Level 1:colcon.colcon_core.package_identification:_identify(src) by extension 'ignore_ament_install'
[3.961s] Level 1:colcon.colcon_core.package_identification:_identify(src) by extensions ['colcon_pkg']
[3.962s] Level 1:colcon.colcon_core.package_identification:_identify(src) by extension 'colcon_pkg'
[3.962s] Level 1:colcon.colcon_core.package_identification:_identify(src) by extensions ['colcon_meta']
[3.963s] Level 1:colcon.colcon_core.package_identification:_identify(src) by extension 'colcon_meta'
[3.963s] Level 1:colcon.colcon_core.package_identification:_identify(src) by extensions ['ros']
[3.964s] Level 1:colcon.colcon_core.package_identification:_identify(src) by extension 'ros'
[3.964s] Level 1:colcon.colcon_core.package_identification:_identify(src) by extensions ['cmake', 'python']
[3.965s] Level 1:colcon.colcon_core.package_identification:_identify(src) by extension 'cmake'
[3.965s] Level 1:colcon.colcon_core.package_identification:_identify(src) by extension 'python'
[3.966s] Level 1:colcon.colcon_core.package_identification:_identify(src) by extensions ['python_setup_py']
[3.966s] Level 1:colcon.colcon_core.package_identification:_identify(src) by extension 'python_setup_py'
[3.967s] Level 1:colcon.colcon_core.package_identification:_identify(src/cpp_subscriber) by extensions ['ignore', 'ignore_ament_install']
[3.968s] Level 1:colcon.colcon_core.package_identification:_identify(src/cpp_subscriber) by extension 'ignore'
[3.968s] Level 1:colcon.colcon_core.package_identification:_identify(src/cpp_subscriber) by extension 'ignore_ament_install'
[3.969s] Level 1:colcon.colcon_core.package_identification:_identify(src/cpp_subscriber) by extensions ['colcon_pkg']
[3.969s] Level 1:colcon.colcon_core.package_identification:_identify(src/cpp_subscriber) by extension 'colcon_pkg'
[3.970s] Level 1:colcon.colcon_core.package_identification:_identify(src/cpp_subscriber) by extensions ['colcon_meta']
[3.970s] Level 1:colcon.colcon_core.package_identification:_identify(src/cpp_subscriber) by extension 'colcon_meta'
[3.971s] Level 1:colcon.colcon_core.package_identification:_identify(src/cpp_subscriber) by extensions ['ros']
[3.971s] Level 1:colcon.colcon_core.package_identification:_identify(src/cpp_subscriber) by extension 'ros'
[4.011s] DEBUG:colcon.colcon_core.package_identification:Package 'src/cpp_subscriber' with type 'ros.ament_cmake' and name 'cpp_subscriber'
[4.012s] Level 1:colcon.colcon_core.package_discovery:discover_packages(recursive) using defaults
[4.012s] Level 1:colcon.colcon_core.package_discovery:discover_packages(ignore) discover
[4.012s] Level 1:colcon.colcon_core.package_discovery:discover_packages(ignore) using defaults
[4.013s] Level 1:colcon.colcon_core.package_discovery:discover_packages(path) discover
[4.013s] Level 1:colcon.colcon_core.package_discovery:discover_packages(path) using defaults
[4.255s] Level 1:colcon.colcon_core.package_discovery:discover_packages(prefix_path) check parameters
[4.256s] Level 1:colcon.colcon_core.package_discovery:discover_packages(prefix_path) discover
[4.278s] DEBUG:colcon.colcon_installed_package_information.package_discovery:Found 288 installed packages in /opt/ros/humble
[4.285s] Level 1:colcon.colcon_core.package_discovery:discover_packages(prefix_path) using defaults
[4.530s] Level 5:colcon.colcon_core.verb:set package 'cpp_subscriber' build argument 'cmake_args' from command line to 'None'
[4.531s] Level 5:colcon.colcon_core.verb:set package 'cpp_subscriber' build argument 'cmake_target' from command line to 'None'
[4.531s] Level 5:colcon.colcon_core.verb:set package 'cpp_subscriber' build argument 'cmake_target_skip_unavailable' from command line to 'False'
[4.531s] Level 5:colcon.colcon_core.verb:set package 'cpp_subscriber' build argument 'cmake_clean_cache' from command line to 'False'
[4.532s] Level 5:colcon.colcon_core.verb:set package 'cpp_subscriber' build argument 'cmake_clean_first' from command line to 'False'
[4.532s] Level 5:colcon.colcon_core.verb:set package 'cpp_subscriber' build argument 'cmake_force_configure' from command line to 'False'
[4.532s] Level 5:colcon.colcon_core.verb:set package 'cpp_subscriber' build argument 'ament_cmake_args' from command line to 'None'
[4.532s] Level 5:colcon.colcon_core.verb:set package 'cpp_subscriber' build argument 'catkin_cmake_args' from command line to 'None'
[4.532s] Level 5:colcon.colcon_core.verb:set package 'cpp_subscriber' build argument 'catkin_skip_building_tests' from command line to 'False'
[4.533s] DEBUG:colcon.colcon_core.verb:Building package 'cpp_subscriber' with the following arguments: {'ament_cmake_args': None, 'build_base': '/home/jackiepi4/test_ws/build/cpp_subscriber', 'catkin_cmake_args': None, 'catkin_skip_building_tests': False, 'cmake_args': None, 'cmake_clean_cache': False, 'cmake_clean_first': False, 'cmake_force_configure': False, 'cmake_target': None, 'cmake_target_skip_unavailable': False, 'install_base': '/home/jackiepi4/test_ws/install/cpp_subscriber', 'merge_install': False, 'path': '/home/jackiepi4/test_ws/src/cpp_subscriber', 'symlink_install': False, 'test_result_base': None}
[4.534s] INFO:colcon.colcon_core.executor:Executing jobs using 'parallel' executor
[4.538s] DEBUG:colcon.colcon_parallel_executor.executor.parallel:run_until_complete
[4.540s] INFO:colcon.colcon_ros.task.ament_cmake.build:Building ROS package in '/home/jackiepi4/test_ws/src/cpp_subscriber' with build type 'ament_cmake'
[4.541s] INFO:colcon.colcon_cmake.task.cmake.build:Building CMake package in '/home/jackiepi4/test_ws/src/cpp_subscriber'
[4.573s] INFO:colcon.colcon_core.plugin_system:Skipping extension 'colcon_core.shell.bat': Not used on non-Windows systems
[4.575s] INFO:colcon.colcon_core.shell:Skip shell extension 'powershell' for command environment: Not usable outside of PowerShell
[4.575s] DEBUG:colcon.colcon_core.shell:Skip shell extension 'dsv' for command environment
[4.634s] DEBUG:colcon.colcon_core.event_handler.log_command:Invoking command in '/home/jackiepi4/test_ws/build/cpp_subscriber': CMAKE_PREFIX_PATH=/opt/ros/humble /usr/bin/cmake --build /home/jackiepi4/test_ws/build/cpp_subscriber -- -j4 -l4
[59.949s] DEBUG:colcon.colcon_core.event_handler.log_command:Invoked command in '/home/jackiepi4/test_ws/build/cpp_subscriber' returned '0': CMAKE_PREFIX_PATH=/opt/ros/humble /usr/bin/cmake --build /home/jackiepi4/test_ws/build/cpp_subscriber -- -j4 -l4
[60.163s] DEBUG:colcon.colcon_core.event_handler.log_command:Invoking command in '/home/jackiepi4/test_ws/build/cpp_subscriber': CMAKE_PREFIX_PATH=/opt/ros/humble /usr/bin/cmake --install /home/jackiepi4/test_ws/build/cpp_subscriber
[60.330s] Level 1:colcon.colcon_core.environment:create_environment_scripts_only(cpp_subscriber)
[60.332s] DEBUG:colcon.colcon_core.event_handler.log_command:Invoked command in '/home/jackiepi4/test_ws/build/cpp_subscriber' returned '0': CMAKE_PREFIX_PATH=/opt/ros/humble /usr/bin/cmake --install /home/jackiepi4/test_ws/build/cpp_subscriber
[60.493s] Level 1:colcon.colcon_core.environment:checking '/home/jackiepi4/test_ws/install/cpp_subscriber' for CMake module files
[60.497s] Level 1:colcon.colcon_core.environment:checking '/home/jackiepi4/test_ws/install/cpp_subscriber' for CMake config files
[60.499s] Level 1:colcon.colcon_core.shell:create_environment_hook('cpp_subscriber', 'cmake_prefix_path')
[60.500s] INFO:colcon.colcon_core.shell:Creating environment hook '/home/jackiepi4/test_ws/install/cpp_subscriber/share/cpp_subscriber/hook/cmake_prefix_path.ps1'
[60.511s] INFO:colcon.colcon_core.shell:Creating environment descriptor '/home/jackiepi4/test_ws/install/cpp_subscriber/share/cpp_subscriber/hook/cmake_prefix_path.dsv'
[60.526s] INFO:colcon.colcon_core.shell:Creating environment hook '/home/jackiepi4/test_ws/install/cpp_subscriber/share/cpp_subscriber/hook/cmake_prefix_path.sh'
[60.536s] Level 1:colcon.colcon_core.environment:checking '/home/jackiepi4/test_ws/install/cpp_subscriber/lib'
[60.538s] Level 1:colcon.colcon_core.environment:checking '/home/jackiepi4/test_ws/install/cpp_subscriber/bin'
[60.538s] Level 1:colcon.colcon_core.environment:checking '/home/jackiepi4/test_ws/install/cpp_subscriber/lib/pkgconfig/cpp_subscriber.pc'
[60.540s] Level 1:colcon.colcon_core.environment:checking '/home/jackiepi4/test_ws/install/cpp_subscriber/lib/python3.10/site-packages'
[60.542s] Level 1:colcon.colcon_core.environment:checking '/home/jackiepi4/test_ws/install/cpp_subscriber/bin'
[60.544s] INFO:colcon.colcon_core.shell:Creating package script '/home/jackiepi4/test_ws/install/cpp_subscriber/share/cpp_subscriber/package.ps1'
[60.550s] INFO:colcon.colcon_core.shell:Creating package descriptor '/home/jackiepi4/test_ws/install/cpp_subscriber/share/cpp_subscriber/package.dsv'
[60.555s] INFO:colcon.colcon_core.shell:Creating package script '/home/jackiepi4/test_ws/install/cpp_subscriber/share/cpp_subscriber/package.sh'
[60.562s] INFO:colcon.colcon_core.shell:Creating package script '/home/jackiepi4/test_ws/install/cpp_subscriber/share/cpp_subscriber/package.bash'
[60.573s] INFO:colcon.colcon_core.shell:Creating package script '/home/jackiepi4/test_ws/install/cpp_subscriber/share/cpp_subscriber/package.zsh'
[60.584s] Level 1:colcon.colcon_core.environment:create_file_with_runtime_dependencies(/home/jackiepi4/test_ws/install/cpp_subscriber/share/colcon-core/packages/cpp_subscriber)
[60.737s] Level 1:colcon.colcon_core.environment:create_environment_scripts_only(cpp_subscriber)
[60.739s] Level 1:colcon.colcon_core.environment:checking '/home/jackiepi4/test_ws/install/cpp_subscriber' for CMake module files
[60.744s] Level 1:colcon.colcon_core.environment:checking '/home/jackiepi4/test_ws/install/cpp_subscriber' for CMake config files
[60.745s] Level 1:colcon.colcon_core.shell:create_environment_hook('cpp_subscriber', 'cmake_prefix_path')
[60.747s] INFO:colcon.colcon_core.shell:Creating environment hook '/home/jackiepi4/test_ws/install/cpp_subscriber/share/cpp_subscriber/hook/cmake_prefix_path.ps1'
[60.749s] INFO:colcon.colcon_core.shell:Creating environment descriptor '/home/jackiepi4/test_ws/install/cpp_subscriber/share/cpp_subscriber/hook/cmake_prefix_path.dsv'
[60.751s] INFO:colcon.colcon_core.shell:Creating environment hook '/home/jackiepi4/test_ws/install/cpp_subscriber/share/cpp_subscriber/hook/cmake_prefix_path.sh'
[60.755s] Level 1:colcon.colcon_core.environment:checking '/home/jackiepi4/test_ws/install/cpp_subscriber/lib'
[60.756s] Level 1:colcon.colcon_core.environment:checking '/home/jackiepi4/test_ws/install/cpp_subscriber/bin'
[60.756s] Level 1:colcon.colcon_core.environment:checking '/home/jackiepi4/test_ws/install/cpp_subscriber/lib/pkgconfig/cpp_subscriber.pc'
[60.757s] Level 1:colcon.colcon_core.environment:checking '/home/jackiepi4/test_ws/install/cpp_subscriber/lib/python3.10/site-packages'
[60.758s] Level 1:colcon.colcon_core.environment:checking '/home/jackiepi4/test_ws/install/cpp_subscriber/bin'
[60.760s] INFO:colcon.colcon_core.shell:Creating package script '/home/jackiepi4/test_ws/install/cpp_subscriber/share/cpp_subscriber/package.ps1'
[60.762s] INFO:colcon.colcon_core.shell:Creating package descriptor '/home/jackiepi4/test_ws/install/cpp_subscriber/share/cpp_subscriber/package.dsv'
[60.766s] INFO:colcon.colcon_core.shell:Creating package script '/home/jackiepi4/test_ws/install/cpp_subscriber/share/cpp_subscriber/package.sh'
[60.769s] INFO:colcon.colcon_core.shell:Creating package script '/home/jackiepi4/test_ws/install/cpp_subscriber/share/cpp_subscriber/package.bash'
[60.772s] INFO:colcon.colcon_core.shell:Creating package script '/home/jackiepi4/test_ws/install/cpp_subscriber/share/cpp_subscriber/package.zsh'
[60.775s] Level 1:colcon.colcon_core.environment:create_file_with_runtime_dependencies(/home/jackiepi4/test_ws/install/cpp_subscriber/share/colcon-core/packages/cpp_subscriber)
[60.777s] DEBUG:colcon.colcon_parallel_executor.executor.parallel:closing loop
[60.779s] DEBUG:colcon.colcon_parallel_executor.executor.parallel:loop closed
[60.780s] DEBUG:colcon.colcon_parallel_executor.executor.parallel:run_until_complete finished with '0'
[60.781s] DEBUG:colcon.colcon_core.event_reactor:joining thread
[60.891s] INFO:colcon.colcon_core.plugin_system:Skipping extension 'colcon_notification.desktop_notification.terminal_notifier': Not used on non-Darwin systems
[60.892s] INFO:colcon.colcon_core.plugin_system:Skipping extension 'colcon_notification.desktop_notification.win32': Not used on non-Windows systems
[60.893s] INFO:colcon.colcon_notification.desktop_notification:Sending desktop notification using 'notify2'
[61.199s] DEBUG:colcon.colcon_core.event_reactor:joined thread
[61.200s] INFO:colcon.colcon_core.shell:Creating prefix script '/home/jackiepi4/test_ws/install/local_setup.ps1'
[61.206s] INFO:colcon.colcon_core.shell:Creating prefix util module '/home/jackiepi4/test_ws/install/_local_setup_util_ps1.py'
[61.217s] INFO:colcon.colcon_core.shell:Creating prefix chain script '/home/jackiepi4/test_ws/install/setup.ps1'
[61.226s] INFO:colcon.colcon_core.shell:Creating prefix script '/home/jackiepi4/test_ws/install/local_setup.sh'
[61.231s] INFO:colcon.colcon_core.shell:Creating prefix util module '/home/jackiepi4/test_ws/install/_local_setup_util_sh.py'
[61.235s] INFO:colcon.colcon_core.shell:Creating prefix chain script '/home/jackiepi4/test_ws/install/setup.sh'
[61.244s] INFO:colcon.colcon_core.shell:Creating prefix script '/home/jackiepi4/test_ws/install/local_setup.bash'
[61.249s] INFO:colcon.colcon_core.shell:Creating prefix chain script '/home/jackiepi4/test_ws/install/setup.bash'
[61.256s] INFO:colcon.colcon_core.shell:Creating prefix script '/home/jackiepi4/test_ws/install/local_setup.zsh'
[61.261s] INFO:colcon.colcon_core.shell:Creating prefix chain script '/home/jackiepi4/test_ws/install/setup.zsh'
